#
# There is insufficient memory for the Java Runtime Environment to continue.
# Native memory allocation (malloc) failed to allocate 32744 bytes for ChunkPool::allocate
# Possible reasons:
#   The system is out of physical RAM or swap space
#   In 32 bit mode, the process size limit was hit
# Possible solutions:
#   Reduce memory load on the system
#   Increase physical memory or swap space
#   Check if swap backing store is full
#   Use 64 bit Java on a 64 bit OS
#   Decrease Java heap size (-Xmx/-Xms)
#   Decrease number of Java threads
#   Decrease Java thread stack sizes (-Xss)
#   Set larger code cache with -XX:ReservedCodeCacheSize=
# This output file may be truncated or incomplete.
#
#  Out of Memory Error (allocation.cpp:273), pid=9096, tid=0x0000000000001d08
#
# JRE version: OpenJDK Runtime Environment (8.0_152-b01) (build 1.8.0_152-release-915-b01)
# Java VM: OpenJDK 64-Bit Server VM (25.152-b01 mixed mode windows-amd64 compressed oops)
# Failed to write core dump. Minidumps are not enabled by default on client versions of Windows
#

---------------  T H R E A D  ---------------

Current thread (0x0000000003fa5800):  JavaThread "C2 CompilerThread0" daemon [_thread_in_native, id=7432, stack(0x00000000056d0000,0x00000000057d0000)]

Stack: [0x00000000056d0000,0x00000000057d0000]
[error occurred during error reporting (printing stack bounds), id 0xc0000005]

Native frames: (J=compiled Java code, j=interpreted, Vv=VM code, C=native code)


Current CompileTask:
C2:   5989 1249       4       org.objectweb.asm.ClassReader::b (1124 bytes)


---------------  P R O C E S S  ---------------

Java Threads: ( => current thread )
  0x0000000005ab2000 JavaThread "Service Thread" daemon [_thread_blocked, id=8228, stack(0x0000000005ed0000,0x0000000005fd0000)]
  0x0000000003fac800 JavaThread "C1 CompilerThread2" daemon [_thread_blocked, id=8452, stack(0x0000000005230000,0x0000000005330000)]
  0x0000000003faa800 JavaThread "C2 CompilerThread1" daemon [_thread_in_native, id=7324, stack(0x0000000005920000,0x0000000005a20000)]
=>0x0000000003fa5800 JavaThread "C2 CompilerThread0" daemon [_thread_in_native, id=7432, stack(0x00000000056d0000,0x00000000057d0000)]
  0x0000000003fa2000 JavaThread "Attach Listener" daemon [_thread_blocked, id=8428, stack(0x0000000004fd0000,0x00000000050d0000)]
  0x0000000003fa1000 JavaThread "Signal Dispatcher" daemon [_thread_blocked, id=8396, stack(0x0000000005480000,0x0000000005580000)]
  0x0000000003f87800 JavaThread "Finalizer" daemon [_thread_blocked, id=2864, stack(0x0000000005330000,0x0000000005430000)]
  0x0000000003f40800 JavaThread "Reference Handler" daemon [_thread_blocked, id=8216, stack(0x0000000005120000,0x0000000005220000)]
  0x000000000025e800 JavaThread "main" [_thread_in_Java, id=7452, stack(0x00000000025f0000,0x00000000026f0000)]

Other Threads:
  0x0000000003f39000 VMThread [stack: 0x0000000004e60000,0x0000000004f60000] [id=7672]
  0x0000000005ab3000 WatcherThread [stack: 0x0000000006000000,0x0000000006100000] [id=5496]

VM state:not at safepoint (normal execution)

VM Mutex/Monitor currently owned by a thread: None

Heap:
 PSYoungGen      total 14336K, used 1673K [0x00000000feb00000, 0x0000000100000000, 0x0000000100000000)
  eden space 7168K, 22% used [0x00000000feb00000,0x00000000fec8a598,0x00000000ff200000)
  from space 7168K, 1% used [0x00000000ff900000,0x00000000ff918000,0x0000000100000000)
  to   space 7168K, 0% used [0x00000000ff200000,0x00000000ff200000,0x00000000ff900000)
 ParOldGen       total 44032K, used 9820K [0x00000000fc000000, 0x00000000feb00000, 0x00000000feb00000)
  object space 44032K, 22% used [0x00000000fc000000,0x00000000fc997060,0x00000000feb00000)
 Metaspace       used 7943K, capacity 8146K, committed 8192K, reserved 1056768K
  class space    used 900K, capacity 989K, committed 1024K, reserved 1048576K

Card table byte_map: [0x0000000000270000,0x00000000002a0000] byte_map_base: 0xffffffffffa90000

Marking Bits: (ParMarkBitMap*) 0x0000000007dd3950
 Begin Bits: [0x00000000033b0000, 0x00000000034b0000)
 End Bits:   [0x00000000034b0000, 0x00000000035b0000)

Polling page: 0x0000000000230000

CodeCache: size=245760Kb used=4654Kb max_used=4654Kb free=241106Kb
 bounds [0x0000000007e50000, 0x00000000082e0000, 0x0000000016e50000]
 total_blobs=1614 nmethods=1282 adapters=245
 compilation: enabled

Compilation events (10 events):
Event: 5.760 Thread 0x0000000003fac800 1295       1       java.lang.ref.Finalizer::access$000 (4 bytes)
Event: 5.760 Thread 0x0000000003fac800 nmethod 1295 0x00000000082dced0 code [0x00000000082dd020, 0x00000000082dd110]
Event: 5.768 Thread 0x0000000003fac800 1296       2       com.google.common.collect.ImmutableList::<init> (5 bytes)
Event: 5.769 Thread 0x0000000003fac800 nmethod 1296 0x00000000082d4410 code [0x00000000082d4560, 0x00000000082d46b0]
Event: 5.769 Thread 0x0000000003fac800 1297       2       com.google.common.collect.ImmutableCollection::<init> (5 bytes)
Event: 5.769 Thread 0x0000000003fac800 nmethod 1297 0x00000000082d40d0 code [0x00000000082d4220, 0x00000000082d4370]
Event: 5.792 Thread 0x0000000003fac800 1299       2       java.util.AbstractCollection::toArray (147 bytes)
Event: 5.793 Thread 0x0000000003fac800 nmethod 1299 0x00000000082d34d0 code [0x00000000082d36c0, 0x00000000082d3d38]
Event: 5.798 Thread 0x0000000003fac800 1300   !   2       java.nio.file.Files::isDirectory (16 bytes)
Event: 5.799 Thread 0x0000000003fac800 nmethod 1300 0x00000000082d2ed0 code [0x00000000082d3060, 0x00000000082d32e8]

GC Heap History (10 events):
Event: 4.930 GC heap before
{Heap before GC invocations=6 (full 0):
 PSYoungGen      total 18944K, used 18923K [0x00000000feb00000, 0x0000000100000000, 0x0000000100000000)
  eden space 16384K, 100% used [0x00000000feb00000,0x00000000ffb00000,0x00000000ffb00000)
  from space 2560K, 99% used [0x00000000ffb00000,0x00000000ffd7ac48,0x00000000ffd80000)
  to   space 2560K, 0% used [0x00000000ffd80000,0x00000000ffd80000,0x0000000100000000)
 ParOldGen       total 44032K, used 6952K [0x00000000fc000000, 0x00000000feb00000, 0x00000000feb00000)
  object space 44032K, 15% used [0x00000000fc000000,0x00000000fc6ca3e8,0x00000000feb00000)
 Metaspace       used 7934K, capacity 8146K, committed 8192K, reserved 1056768K
  class space    used 900K, capacity 989K, committed 1024K, reserved 1048576K
Event: 5.052 GC heap after
Heap after GC invocations=6 (full 0):
 PSYoungGen      total 9728K, used 2539K [0x00000000feb00000, 0x0000000100000000, 0x0000000100000000)
  eden space 7168K, 0% used [0x00000000feb00000,0x00000000feb00000,0x00000000ff200000)
  from space 2560K, 99% used [0x00000000ffd80000,0x00000000ffffac48,0x0000000100000000)
  to   space 7168K, 0% used [0x00000000ff200000,0x00000000ff200000,0x00000000ff900000)
 ParOldGen       total 44032K, used 7197K [0x00000000fc000000, 0x00000000feb00000, 0x00000000feb00000)
  object space 44032K, 16% used [0x00000000fc000000,0x00000000fc707408,0x00000000feb00000)
 Metaspace       used 7934K, capacity 8146K, committed 8192K, reserved 1056768K
  class space    used 900K, capacity 989K, committed 1024K, reserved 1048576K
}
Event: 5.128 GC heap before
{Heap before GC invocations=7 (full 0):
 PSYoungGen      total 9728K, used 9707K [0x00000000feb00000, 0x0000000100000000, 0x0000000100000000)
  eden space 7168K, 100% used [0x00000000feb00000,0x00000000ff200000,0x00000000ff200000)
  from space 2560K, 99% used [0x00000000ffd80000,0x00000000ffffac48,0x0000000100000000)
  to   space 7168K, 0% used [0x00000000ff200000,0x00000000ff200000,0x00000000ff900000)
 ParOldGen       total 44032K, used 7197K [0x00000000fc000000, 0x00000000feb00000, 0x00000000feb00000)
  object space 44032K, 16% used [0x00000000fc000000,0x00000000fc707408,0x00000000feb00000)
 Metaspace       used 7939K, capacity 8146K, committed 8192K, reserved 1056768K
  class space    used 900K, capacity 989K, committed 1024K, reserved 1048576K
Event: 5.179 GC heap after
Heap after GC invocations=7 (full 0):
 PSYoungGen      total 14336K, used 352K [0x00000000feb00000, 0x0000000100000000, 0x0000000100000000)
  eden space 7168K, 0% used [0x00000000feb00000,0x00000000feb00000,0x00000000ff200000)
  from space 7168K, 4% used [0x00000000ff200000,0x00000000ff258000,0x00000000ff900000)
  to   space 7168K, 0% used [0x00000000ff900000,0x00000000ff900000,0x0000000100000000)
 ParOldGen       total 44032K, used 9544K [0x00000000fc000000, 0x00000000feb00000, 0x00000000feb00000)
  object space 44032K, 21% used [0x00000000fc000000,0x00000000fc952050,0x00000000feb00000)
 Metaspace       used 7939K, capacity 8146K, committed 8192K, reserved 1056768K
  class space    used 900K, capacity 989K, committed 1024K, reserved 1048576K
}
Event: 5.268 GC heap before
{Heap before GC invocations=8 (full 0):
 PSYoungGen      total 14336K, used 7520K [0x00000000feb00000, 0x0000000100000000, 0x0000000100000000)
  eden space 7168K, 100% used [0x00000000feb00000,0x00000000ff200000,0x00000000ff200000)
  from space 7168K, 4% used [0x00000000ff200000,0x00000000ff258000,0x00000000ff900000)
  to   space 7168K, 0% used [0x00000000ff900000,0x00000000ff900000,0x0000000100000000)
 ParOldGen       total 44032K, used 9544K [0x00000000fc000000, 0x00000000feb00000, 0x00000000feb00000)
  object space 44032K, 21% used [0x00000000fc000000,0x00000000fc952050,0x00000000feb00000)
 Metaspace       used 7940K, capacity 8146K, committed 8192K, reserved 1056768K
  class space    used 900K, capacity 989K, committed 1024K, reserved 1048576K
Event: 5.516 GC heap after
Heap after GC invocations=8 (full 0):
 PSYoungGen      total 14336K, used 352K [0x00000000feb00000, 0x0000000100000000, 0x0000000100000000)
  eden space 7168K, 0% used [0x00000000feb00000,0x00000000feb00000,0x00000000ff200000)
  from space 7168K, 4% used [0x00000000ff900000,0x00000000ff958000,0x0000000100000000)
  to   space 7168K, 0% used [0x00000000ff200000,0x00000000ff200000,0x00000000ff900000)
 ParOldGen       total 44032K, used 9644K [0x00000000fc000000, 0x00000000feb00000, 0x00000000feb00000)
  object space 44032K, 21% used [0x00000000fc000000,0x00000000fc96b060,0x00000000feb00000)
 Metaspace       used 7940K, capacity 8146K, committed 8192K, reserved 1056768K
  class space    used 900K, capacity 989K, committed 1024K, reserved 1048576K
}
Event: 5.598 GC heap before
{Heap before GC invocations=9 (full 0):
 PSYoungGen      total 14336K, used 7520K [0x00000000feb00000, 0x0000000100000000, 0x0000000100000000)
  eden space 7168K, 100% used [0x00000000feb00000,0x00000000ff200000,0x00000000ff200000)
  from space 7168K, 4% used [0x00000000ff900000,0x00000000ff958000,0x0000000100000000)
  to   space 7168K, 0% used [0x00000000ff200000,0x00000000ff200000,0x00000000ff900000)
 ParOldGen       total 44032K, used 9644K [0x00000000fc000000, 0x00000000feb00000, 0x00000000feb00000)
  object space 44032K, 21% used [0x00000000fc000000,0x00000000fc96b060,0x00000000feb00000)
 Metaspace       used 7941K, capacity 8146K, committed 8192K, reserved 1056768K
  class space    used 900K, capacity 989K, committed 1024K, reserved 1048576K
Event: 5.725 GC heap after
Heap after GC invocations=9 (full 0):
 PSYoungGen      total 14336K, used 352K [0x00000000feb00000, 0x0000000100000000, 0x0000000100000000)
  eden space 7168K, 0% used [0x00000000feb00000,0x00000000feb00000,0x00000000ff200000)
  from space 7168K, 4% used [0x00000000ff200000,0x00000000ff258000,0x00000000ff900000)
  to   space 7168K, 0% used [0x00000000ff900000,0x00000000ff900000,0x0000000100000000)
 ParOldGen       total 44032K, used 9756K [0x00000000fc000000, 0x00000000feb00000, 0x00000000feb00000)
  object space 44032K, 22% used [0x00000000fc000000,0x00000000fc987060,0x00000000feb00000)
 Metaspace       used 7941K, capacity 8146K, committed 8192K, reserved 1056768K
  class space    used 900K, capacity 989K, committed 1024K, reserved 1048576K
}
Event: 5.806 GC heap before
{Heap before GC invocations=10 (full 0):
 PSYoungGen      total 14336K, used 7520K [0x00000000feb00000, 0x0000000100000000, 0x0000000100000000)
  eden space 7168K, 100% used [0x00000000feb00000,0x00000000ff200000,0x00000000ff200000)
  from space 7168K, 4% used [0x00000000ff200000,0x00000000ff258000,0x00000000ff900000)
  to   space 7168K, 0% used [0x00000000ff900000,0x00000000ff900000,0x0000000100000000)
 ParOldGen       total 44032K, used 9756K [0x00000000fc000000, 0x00000000feb00000, 0x00000000feb00000)
  object space 44032K, 22% used [0x00000000fc000000,0x00000000fc987060,0x00000000feb00000)
 Metaspace       used 7943K, capacity 8146K, committed 8192K, reserved 1056768K
  class space    used 900K, capacity 989K, committed 1024K, reserved 1048576K
Event: 5.979 GC heap after
Heap after GC invocations=10 (full 0):
 PSYoungGen      total 14336K, used 96K [0x00000000feb00000, 0x0000000100000000, 0x0000000100000000)
  eden space 7168K, 0% used [0x00000000feb00000,0x00000000feb00000,0x00000000ff200000)
  from space 7168K, 1% used [0x00000000ff900000,0x00000000ff918000,0x0000000100000000)
  to   space 7168K, 0% used [0x00000000ff200000,0x00000000ff200000,0x00000000ff900000)
 ParOldGen       total 44032K, used 9820K [0x00000000fc000000, 0x00000000feb00000, 0x00000000feb00000)
  object space 44032K, 22% used [0x00000000fc000000,0x00000000fc997060,0x00000000feb00000)
 Metaspace       used 7943K, capacity 8146K, committed 8192K, reserved 1056768K
  class space    used 900K, capacity 989K, committed 1024K, reserved 1048576K
}

Deoptimization events (10 events):
Event: 3.261 Thread 0x000000000025e800 Uncommon trap: reason=unstable_if action=reinterpret pc=0x000000000823e3dc method=org.objectweb.asm.tree.MethodNode.getLabelNodes([Ljava/lang/Object;)[Ljava/lang/Object; @ 24
Event: 3.358 Thread 0x000000000025e800 Uncommon trap: reason=class_check action=maybe_recompile pc=0x00000000081e3678 method=org.objectweb.asm.tree.VarInsnNode.accept(Lorg/objectweb/asm/MethodVisitor;)V @ 9
Event: 3.358 Thread 0x000000000025e800 Uncommon trap: reason=class_check action=maybe_recompile pc=0x00000000081e3678 method=org.objectweb.asm.tree.VarInsnNode.accept(Lorg/objectweb/asm/MethodVisitor;)V @ 9
Event: 3.442 Thread 0x000000000025e800 Uncommon trap: reason=class_check action=maybe_recompile pc=0x00000000081e3678 method=org.objectweb.asm.tree.VarInsnNode.accept(Lorg/objectweb/asm/MethodVisitor;)V @ 9
Event: 3.442 Thread 0x000000000025e800 Uncommon trap: reason=class_check action=maybe_recompile pc=0x00000000081e3678 method=org.objectweb.asm.tree.VarInsnNode.accept(Lorg/objectweb/asm/MethodVisitor;)V @ 9
Event: 3.449 Thread 0x000000000025e800 Uncommon trap: reason=null_check action=make_not_entrant pc=0x0000000008278e04 method=com.google.devtools.build.android.desugar.InterfaceDesugaring$InterfaceInvocationRewriter.visitMethodInsn(ILjava/lang/String;Ljava/lang/String;Ljava/lang/String;Z)V @ 10
Event: 3.458 Thread 0x000000000025e800 Uncommon trap: reason=unstable_if action=reinterpret pc=0x00000000081e4f54 method=org.objectweb.asm.MethodWriter.visitVarInsn(II)V @ 148
Event: 3.463 Thread 0x000000000025e800 Uncommon trap: reason=unstable_if action=reinterpret pc=0x000000000823bc10 method=org.objectweb.asm.ClassReader.a(II[C)Ljava/lang/String; @ 77
Event: 3.464 Thread 0x000000000025e800 Uncommon trap: reason=unstable_if action=reinterpret pc=0x00000000081bd2a0 method=org.objectweb.asm.ByteVector.putUTF8(Ljava/lang/String;)Lorg/objectweb/asm/ByteVector; @ 98
Event: 5.188 Thread 0x000000000025e800 Uncommon trap: reason=class_check action=maybe_recompile pc=0x0000000008285f3c method=com.google.common.collect.AbstractMultimap.containsEntry(Ljava/lang/Object;Ljava/lang/Object;)Z @ 10

Classes redefined (0 events):
No events

Internal exceptions (10 events):
Event: 5.771 Thread 0x000000000025e800 Exception <a 'sun/nio/fs/WindowsException'> (0x00000000fee2fef0) thrown at [D:\src\AOSP-openjdk-cygwin\jdk8u\hotspot\src\share\vm\prims\jni.cpp, line 709]
Event: 5.771 Thread 0x000000000025e800 Exception <a 'sun/nio/fs/WindowsException'> (0x00000000fee30420) thrown at [D:\src\AOSP-openjdk-cygwin\jdk8u\hotspot\src\share\vm\prims\jni.cpp, line 709]
Event: 5.786 Thread 0x000000000025e800 Exception <a 'sun/nio/fs/WindowsException'> (0x00000000ff02f068) thrown at [D:\src\AOSP-openjdk-cygwin\jdk8u\hotspot\src\share\vm\prims\jni.cpp, line 709]
Event: 5.786 Thread 0x000000000025e800 Exception <a 'sun/nio/fs/WindowsException'> (0x00000000ff02f598) thrown at [D:\src\AOSP-openjdk-cygwin\jdk8u\hotspot\src\share\vm\prims\jni.cpp, line 709]
Event: 5.793 Thread 0x000000000025e800 Exception <a 'sun/nio/fs/WindowsException'> (0x00000000ff10eb30) thrown at [D:\src\AOSP-openjdk-cygwin\jdk8u\hotspot\src\share\vm\prims\jni.cpp, line 709]
Event: 5.794 Thread 0x000000000025e800 Exception <a 'sun/nio/fs/WindowsException'> (0x00000000ff10f060) thrown at [D:\src\AOSP-openjdk-cygwin\jdk8u\hotspot\src\share\vm\prims\jni.cpp, line 709]
Event: 5.798 Thread 0x000000000025e800 Exception <a 'sun/nio/fs/WindowsException'> (0x00000000ff177d00) thrown at [D:\src\AOSP-openjdk-cygwin\jdk8u\hotspot\src\share\vm\prims\jni.cpp, line 709]
Event: 5.798 Thread 0x000000000025e800 Exception <a 'sun/nio/fs/WindowsException'> (0x00000000ff178230) thrown at [D:\src\AOSP-openjdk-cygwin\jdk8u\hotspot\src\share\vm\prims\jni.cpp, line 709]
Event: 5.799 Thread 0x000000000025e800 Exception <a 'sun/nio/fs/WindowsException'> (0x00000000ff17b768) thrown at [D:\src\AOSP-openjdk-cygwin\jdk8u\hotspot\src\share\vm\prims\jni.cpp, line 709]
Event: 5.801 Thread 0x000000000025e800 Exception <a 'sun/nio/fs/WindowsException'> (0x00000000ff17bc98) thrown at [D:\src\AOSP-openjdk-cygwin\jdk8u\hotspot\src\share\vm\prims\jni.cpp, line 709]

Events (10 events):
Event: 5.773 Thread 0x000000000025e800 DEOPT PACKING pc=0x000000000812f865 sp=0x00000000026ee9e0
Event: 5.773 Thread 0x000000000025e800 DEOPT UNPACKING pc=0x0000000007e975bf sp=0x00000000026ee990 mode 0
Event: 5.779 Thread 0x000000000025e800 DEOPT PACKING pc=0x000000000812f865 sp=0x00000000026ee9e0
Event: 5.779 Thread 0x000000000025e800 DEOPT UNPACKING pc=0x0000000007e975bf sp=0x00000000026ee990 mode 0
Event: 5.792 Thread 0x000000000025e800 DEOPT PACKING pc=0x000000000812f865 sp=0x00000000026ee9e0
Event: 5.792 Thread 0x000000000025e800 DEOPT UNPACKING pc=0x0000000007e975bf sp=0x00000000026ee990 mode 0
Event: 5.806 Executing VM operation: ParallelGCFailedAllocation
Event: 5.979 Executing VM operation: ParallelGCFailedAllocation done
Event: 5.984 Thread 0x000000000025e800 DEOPT PACKING pc=0x000000000812f865 sp=0x00000000026ee9e0
Event: 5.984 Thread 0x000000000025e800 DEOPT UNPACKING pc=0x0000000007e975bf sp=0x00000000026ee990 mode 0


Dynamic libraries:
0x000000013fd60000 - 0x000000013fd91000 	M:\ForAndroid\AndroidStudio\jre\bin\java.exe
0x0000000077340000 - 0x00000000774e9000 	C:\Windows\SYSTEM32\ntdll.dll
0x0000000076c60000 - 0x0000000076d7f000 	C:\Windows\system32\kernel32.dll
0x000007fefe5e0000 - 0x000007fefe64c000 	C:\Windows\system32\KERNELBASE.dll
0x000007feff070000 - 0x000007feff14b000 	C:\Windows\system32\ADVAPI32.dll
0x000007fefeba0000 - 0x000007fefec3f000 	C:\Windows\system32\msvcrt.dll
0x000007feff150000 - 0x000007feff16f000 	C:\Windows\SYSTEM32\sechost.dll
0x000007feff170000 - 0x000007feff29d000 	C:\Windows\system32\RPCRT4.dll
0x0000000076d80000 - 0x0000000076e7a000 	C:\Windows\system32\USER32.dll
0x000007fefe900000 - 0x000007fefe967000 	C:\Windows\system32\GDI32.dll
0x000007fefec40000 - 0x000007fefec4e000 	C:\Windows\system32\LPK.dll
0x000007feff580000 - 0x000007feff649000 	C:\Windows\system32\USP10.dll
0x000007fefcc50000 - 0x000007fefce44000 	C:\Windows\WinSxS\amd64_microsoft.windows.common-controls_6595b64144ccf1df_6.0.7601.17514_none_fa396087175ac9ac\COMCTL32.dll
0x000007fefeff0000 - 0x000007feff061000 	C:\Windows\system32\SHLWAPI.dll
0x000007fefeb50000 - 0x000007fefeb7e000 	C:\Windows\system32\IMM32.DLL
0x000007fefecd0000 - 0x000007fefedd9000 	C:\Windows\system32\MSCTF.dll
0x000007fefe500000 - 0x000007fefe530000 	C:\Windows\system32\nvinitx.dll
0x000007fefe4f0000 - 0x000007fefe4fc000 	C:\Windows\system32\VERSION.dll
0x00000000733f0000 - 0x00000000733f6000 	C:\Program Files\NVIDIA Corporation\CoProcManager\detoured.dll
0x000007fefb010000 - 0x000007fefb048000 	C:\Program Files\NVIDIA Corporation\CoProcManager\nvd3d9wrapx.dll
0x000007fefe970000 - 0x000007fefeb47000 	C:\Windows\system32\SETUPAPI.dll
0x000007fefe8c0000 - 0x000007fefe8f6000 	C:\Windows\system32\CFGMGR32.dll
0x000007feff4a0000 - 0x000007feff577000 	C:\Windows\system32\OLEAUT32.dll
0x000007fefede0000 - 0x000007fefefe3000 	C:\Windows\system32\ole32.dll
0x000007fefe650000 - 0x000007fefe66a000 	C:\Windows\system32\DEVOBJ.dll
0x000007fefaf80000 - 0x000007fefafa4000 	C:\Program Files\NVIDIA Corporation\CoProcManager\nvdxgiwrapx.dll
0x0000000079580000 - 0x0000000079652000 	M:\ForAndroid\AndroidStudio\jre\jre\bin\msvcr100.dll
0x0000000007610000 - 0x0000000007e4e000 	M:\ForAndroid\AndroidStudio\jre\jre\bin\server\jvm.dll
0x000007feebcf0000 - 0x000007feebcf9000 	C:\Windows\system32\WSOCK32.dll
0x000007feff450000 - 0x000007feff49d000 	C:\Windows\system32\WS2_32.dll
0x000007feff340000 - 0x000007feff348000 	C:\Windows\system32\NSI.dll
0x000007fefa570000 - 0x000007fefa5ab000 	C:\Windows\system32\WINMM.dll
0x0000000077510000 - 0x0000000077517000 	C:\Windows\system32\PSAPI.DLL
0x000007fefd200000 - 0x000007fefd20f000 	M:\ForAndroid\AndroidStudio\jre\jre\bin\verify.dll
0x000007fed3800000 - 0x000007fed3829000 	M:\ForAndroid\AndroidStudio\jre\jre\bin\java.dll
0x000007feeb030000 - 0x000007feeb046000 	M:\ForAndroid\AndroidStudio\jre\jre\bin\zip.dll
0x000007ff788c0000 - 0x000007ff7a6e9000 	C:\Windows\system32\SHELL32.dll
0x000007fefe530000 - 0x000007fefe53f000 	C:\Windows\system32\profapi.dll
0x000007fefdd80000 - 0x000007fefdd97000 	C:\Windows\system32\CRYPTSP.dll
0x000007fefda80000 - 0x000007fefdac7000 	C:\Windows\system32\rsaenh.dll
0x000007fefd830000 - 0x000007fefd84e000 	C:\Windows\system32\USERENV.dll
0x000007fefe3e0000 - 0x000007fefe3ef000 	C:\Windows\system32\CRYPTBASE.dll
0x000007feea360000 - 0x000007feea37a000 	M:\ForAndroid\AndroidStudio\jre\jre\bin\net.dll
0x000007fefdd20000 - 0x000007fefdd75000 	C:\Windows\system32\mswsock.dll
0x000007fefdd10000 - 0x000007fefdd17000 	C:\Windows\System32\wship6.dll
0x000007fefbf90000 - 0x000007fefbfb7000 	C:\Windows\system32\IPHLPAPI.DLL
0x000007fefbf80000 - 0x000007fefbf8b000 	C:\Windows\system32\WINNSI.DLL
0x000007fefbd80000 - 0x000007fefbd98000 	C:\Windows\system32\dhcpcsvc.DLL
0x000007fefbd60000 - 0x000007fefbd71000 	C:\Windows\system32\dhcpcsvc6.DLL
0x000007fedf370000 - 0x000007fedf381000 	M:\ForAndroid\AndroidStudio\jre\jre\bin\nio.dll

VM Arguments:
jvm_args: -Djava.awt.headless=true -Xmx64M -Dfile.encoding=windows-1251 -Duser.country=RU -Duser.language=ru -Duser.variant 
java_command: com.google.devtools.build.android.desugar.Desugar @M:\ForAndroid\Android_Studio_Projects\ConverterLab\app\build\intermediates\tmp\desugar_args776470709946309685
java_class_path (initial): C:\Users\Moby\AppData\Local\Temp\desugar_deploy.jar1130481808923515663
Launcher Type: SUN_STANDARD

Environment Variables:
CLASSPATH=.;
PATH=C:\Program Files\Java\jdk1.8.0_162\bin;
USERNAME=Moby
OS=Windows_NT
PROCESSOR_IDENTIFIER=Intel64 Family 6 Model 58 Stepping 9, GenuineIntel



---------------  S Y S T E M  ---------------

OS: Windows 7 , 64 bit Build 7601 (6.1.7601.17651)

CPU:total 4 (initial active 4) (2 cores per cpu, 2 threads per core) family 6 model 58 stepping 9, cmov, cx8, fxsr, mmx, sse, sse2, sse3, ssse3, sse4.1, sse4.2, popcnt, avx, clmul, erms, ht, tsc, tscinvbit, tscinv

Memory: 4k page, physical 12133140k(1306668k free), swap 12131296k(3080k free)

vm_info: OpenJDK 64-Bit Server VM (25.152-b01) for windows-amd64 JRE (1.8.0_152-release-915-b01), built by "builder" with MS VC++ 10.0 (VS2010)

time: Sun Mar 18 23:13:40 2018
elapsed time: 5 seconds (0d 0h 0m 5s)

